<?xml version="1.0" encoding="UTF-8"?>
<!-- Generated by org.testng.reporters.JUnitXMLReporter -->
<testsuite ignored="0" hostname="SHIVANAND-JADHA" failures="0" tests="2" name="Open Cart Home Page Test_chrome" time="14.62" errors="0" timestamp="2024-08-25T10:36:33 IST">
  <testcase classname="com.qa.opencart.tests.HomePageTest" name="homePageTitleTest" time="3.04"/>
  <testcase classname="com.qa.opencart.tests.HomePageTest" name="homePageURLTest" time="0.003"/>
</testsuite> <!-- Open Cart Home Page Test_chrome -->
