<?xml version="1.0" encoding="UTF-8"?>
<!-- Generated by org.testng.reporters.JUnitXMLReporter -->
<testsuite ignored="0" hostname="SHIVANAND-JADHA" failures="0" tests="2" name="Open Cart Labeler Page Test_chrome" time="58.429" errors="0" timestamp="2024-09-01T21:11:46 IST">
  <testcase classname="com.qa.mwp.tests.LabelerPageTest" name="homePageTitleTest" time="0.297"/>
  <testcase classname="com.qa.mwp.tests.LabelerPageTest" name="homePageURLTest" time="0.003"/>
</testsuite> <!-- Open Cart Labeler Page Test_chrome -->
