<?xml version="1.0" encoding="UTF-8"?>
<testng-results ignored="0" total="4" passed="4" failed="0" skipped="0">
  <reporter-output>
  </reporter-output>
  <suite started-at="2024-09-01T21:10:47 IST" name="Open Cart Test Regression PW Suite" finished-at="2024-09-01T21:12:15 IST" duration-ms="87257">
    <groups>
    </groups>
    <test started-at="2024-09-01T21:10:47 IST" name="Open Cart Labeler Page Test_chrome" finished-at="2024-09-01T21:11:46 IST" duration-ms="58429">
      <class name="com.qa.mwp.tests.LabelerPageTest">
        <test-method is-config="true" signature="setup(java.lang.String)[pri:0, instance:com.qa.mwp.tests.LabelerPageTest@58be6e8]" started-at="2024-09-01T21:10:47 IST" name="setup" finished-at="2024-09-01T21:11:15 IST" duration-ms="27314" status="PASS">
          <params>
            <param index="0">
              <value>
                <![CDATA[chrome]]>
              </value>
            </param>
          </params>
          <reporter-output>
          </reporter-output>
        </test-method> <!-- setup -->
        <test-method signature="homePageTitleTest()[pri:0, instance:com.qa.mwp.tests.LabelerPageTest@58be6e8]" started-at="2024-09-01T21:11:15 IST" name="homePageTitleTest" finished-at="2024-09-01T21:11:15 IST" duration-ms="297" status="PASS">
          <reporter-output>
          </reporter-output>
        </test-method> <!-- homePageTitleTest -->
        <test-method signature="homePageURLTest()[pri:0, instance:com.qa.mwp.tests.LabelerPageTest@58be6e8]" started-at="2024-09-01T21:11:15 IST" name="homePageURLTest" finished-at="2024-09-01T21:11:15 IST" duration-ms="3" status="PASS">
          <reporter-output>
          </reporter-output>
        </test-method> <!-- homePageURLTest -->
        <test-method is-config="true" signature="tearDown()[pri:0, instance:com.qa.mwp.tests.LabelerPageTest@58be6e8]" started-at="2024-09-01T21:11:15 IST" name="tearDown" finished-at="2024-09-01T21:11:46 IST" duration-ms="30355" status="PASS">
          <reporter-output>
          </reporter-output>
        </test-method> <!-- tearDown -->
      </class> <!-- com.qa.mwp.tests.LabelerPageTest -->
    </test> <!-- Open Cart Labeler Page Test_chrome -->
    <test started-at="2024-09-01T21:10:47 IST" name="Open Cart Login Page Test_safari" finished-at="2024-09-01T21:11:52 IST" duration-ms="64816">
      <class name="com.qa.mwp.tests.UserPageTest">
        <test-method is-config="true" signature="setup(java.lang.String)[pri:0, instance:com.qa.mwp.tests.UserPageTest@a87f8ec]" started-at="2024-09-01T21:10:47 IST" name="setup" finished-at="2024-09-01T21:11:14 IST" duration-ms="26888" status="PASS">
          <params>
            <param index="0">
              <value>
                <![CDATA[chrome]]>
              </value>
            </param>
          </params>
          <reporter-output>
          </reporter-output>
        </test-method> <!-- setup -->
        <test-method signature="AddSingleProductTest()[pri:1, instance:com.qa.mwp.tests.UserPageTest@a87f8ec]" started-at="2024-09-01T21:11:14 IST" name="AddSingleProductTest" finished-at="2024-09-01T21:11:22 IST" duration-ms="7376" status="PASS">
          <reporter-output>
          </reporter-output>
        </test-method> <!-- AddSingleProductTest -->
        <test-method is-config="true" signature="tearDown()[pri:0, instance:com.qa.mwp.tests.UserPageTest@a87f8ec]" started-at="2024-09-01T21:11:22 IST" name="tearDown" finished-at="2024-09-01T21:11:52 IST" duration-ms="30271" status="PASS">
          <reporter-output>
          </reporter-output>
        </test-method> <!-- tearDown -->
      </class> <!-- com.qa.mwp.tests.UserPageTest -->
    </test> <!-- Open Cart Login Page Test_safari -->
    <test started-at="2024-09-01T21:11:46 IST" name="Open Cart Home Page Test_chromium" finished-at="2024-09-01T21:12:15 IST" duration-ms="28488">
      <class name="com.qa.mwp.tests.ProductPageTest">
        <test-method is-config="true" signature="setup(java.lang.String)[pri:0, instance:com.qa.mwp.tests.ProductPageTest@7d1cfb8b]" started-at="2024-09-01T21:11:46 IST" name="setup" finished-at="2024-09-01T21:12:06 IST" duration-ms="20367" status="PASS">
          <params>
            <param index="0">
              <value>
                <![CDATA[chromium]]>
              </value>
            </param>
          </params>
          <reporter-output>
          </reporter-output>
        </test-method> <!-- setup -->
        <test-method signature="AddSingleProductTest()[pri:1, instance:com.qa.mwp.tests.ProductPageTest@7d1cfb8b]" started-at="2024-09-01T21:12:06 IST" name="AddSingleProductTest" finished-at="2024-09-01T21:12:14 IST" duration-ms="7626" status="PASS">
          <reporter-output>
          </reporter-output>
        </test-method> <!-- AddSingleProductTest -->
        <test-method is-config="true" signature="tearDown()[pri:0, instance:com.qa.mwp.tests.ProductPageTest@7d1cfb8b]" started-at="2024-09-01T21:12:14 IST" name="tearDown" finished-at="2024-09-01T21:12:15 IST" duration-ms="295" status="PASS">
          <reporter-output>
          </reporter-output>
        </test-method> <!-- tearDown -->
      </class> <!-- com.qa.mwp.tests.ProductPageTest -->
    </test> <!-- Open Cart Home Page Test_chromium -->
  </suite> <!-- Open Cart Test Regression PW Suite -->
</testng-results>
